<?xml version="1.0" encoding="UTF-8"?>
<!-- Generated by org.testng.reporters.JUnitReportReporter -->
<testsuite skipped="0" hostname="DESKTOP-DJ7VF4K" name="com.qa.tests.AdminDashboardPageTest" tests="2" failures="0" timestamp="27 Jun 2019 07:00:29 GMT" time="54.090" errors="0">
  <testcase name="loggedUserNameTest" time="26.869" classname="com.qa.tests.AdminDashboardPageTest"/>
  <testcase name="impersonateTest" time="27.221" classname="com.qa.tests.AdminDashboardPageTest"/>
</testsuite> <!-- com.qa.tests.AdminDashboardPageTest -->
