<?xml version="1.0" encoding="UTF-8"?>
<!-- Generated by org.testng.reporters.JUnitReportReporter -->
<testsuite skipped="0" hostname="DESKTOP-DJ7VF4K" name="com.qa.tests.AdminDashboardPageTest" tests="2" failures="0" timestamp="28 Jun 2019 07:21:49 GMT" time="61.363" errors="0">
  <testcase name="loggedUserNameTest" time="31.391" classname="com.qa.tests.AdminDashboardPageTest"/>
  <testcase name="impersonateTest" time="29.972" classname="com.qa.tests.AdminDashboardPageTest"/>
</testsuite> <!-- com.qa.tests.AdminDashboardPageTest -->
