<?xml version="1.0" encoding="UTF-8"?>
<!-- Generated by org.testng.reporters.JUnitReportReporter -->
<testsuite skipped="0" hostname="DESKTOP-DJ7VF4K" name="com.qa.tests.DashboardPageTest" tests="3" failures="0" timestamp="28 Jun 2019 08:51:38 GMT" time="113.840" errors="0">
  <testcase name="dashboardPageTitleTest" time="35.842" classname="com.qa.tests.DashboardPageTest"/>
  <testcase name="logoTest" time="41.094" classname="com.qa.tests.DashboardPageTest"/>
  <testcase name="clickOnCreateRequestButtonTest" time="36.904" classname="com.qa.tests.DashboardPageTest"/>
</testsuite> <!-- com.qa.tests.DashboardPageTest -->
