<?xml version="1.0" encoding="UTF-8"?>
<!-- Generated by org.testng.reporters.JUnitReportReporter -->
<testsuite skipped="0" hostname="DESKTOP-DJ7VF4K" name="com.qa.tests.LoginPageTest" tests="2" failures="0" timestamp="27 Jun 2019 07:00:29 GMT" time="63.803" errors="0">
  <testcase name="loginPageTitleTest" time="27.604" classname="com.qa.tests.LoginPageTest"/>
  <testcase name="signTest" time="36.199" classname="com.qa.tests.LoginPageTest"/>
</testsuite> <!-- com.qa.tests.LoginPageTest -->
