<?xml version="1.0" encoding="UTF-8"?>
<!-- Generated by org.testng.reporters.JUnitReportReporter -->
<testsuite skipped="0" hostname="DESKTOP-DJ7VF4K" name="com.qa.tests.LoginPageTest" tests="2" failures="0" timestamp="28 Jun 2019 06:57:02 GMT" time="51.271" errors="0">
  <testcase name="loginPageTitleTest" time="25.227" classname="com.qa.tests.LoginPageTest"/>
  <testcase name="signTest" time="26.044" classname="com.qa.tests.LoginPageTest"/>
</testsuite> <!-- com.qa.tests.LoginPageTest -->
